<?xml version="1.0" encoding="UTF-8"?>
<!-- Generated by org.testng.reporters.JUnitXMLReporter -->
<testsuite hostname="wks60249" ignored="0" name="Default test" tests="3" failures="0" timestamp="24 Nov 2019 10:52:16 GMT" time="62.217" errors="0">
  <testcase name="loginTest" time="13.516" classname="com.uiFrameworkk.pentland.testScripts.logintest.LoginTestWithDataDrivenApproach"/>
  <testcase name="loginTest" time="14.405" classname="com.uiFrameworkk.pentland.testScripts.logintest.LoginTestWithDataDrivenApproach"/>
  <testcase name="loginTest" time="0.001" classname="com.uiFrameworkk.pentland.testScripts.logintest.LoginTestWithDataDrivenApproach">
    <skipped/>
  </testcase> <!-- loginTest -->
</testsuite> <!-- Default test -->
