<?xml version="1.0" encoding="UTF-8"?>
<!-- Generated by org.testng.reporters.JUnitXMLReporter -->
<testsuite hostname="wks60249" ignored="0" name="VerifyLowestFirstPriceFilter" tests="1" failures="0" timestamp="24 Nov 2019 07:51:16 GMT" time="47.743" errors="0">
  <testcase name="verifyLowestFirstPriceListInProduct_detailsPage" time="37.106" classname="com.uiFrameworkk.pentland.testScripts.productDetailsPage.VerifyLowestFirstPriceFilter"/>
</testsuite> <!-- VerifyLowestFirstPriceFilter -->
