<?xml version="1.0" encoding="UTF-8"?>
<!-- Generated by org.testng.reporters.JUnitXMLReporter -->
<testsuite hostname="wks60249" ignored="0" name="C" tests="1" failures="1" timestamp="17 Nov 2019 17:29:30 GMT" time="10.016" errors="0">
  <testcase name="testLoginC" time="0.001" classname="com.uiFrameworkk.C">
    <failure type="java.lang.AssertionError" message="expected [true] but found [false]">
      <![CDATA[java.lang.AssertionError: expected [true] but found [false]
at com.uiFrameworkk.C.testLoginC(C.java:15)
... Removed 29 stack frames]]>
    </failure>
  </testcase> <!-- testLoginC -->
</testsuite> <!-- C -->
