<?xml version="1.0" encoding="UTF-8"?>
<!-- Generated by org.testng.reporters.JUnitXMLReporter -->
<testsuite hostname="wks60249" ignored="0" name="Second" tests="1" failures="1" timestamp="17 Nov 2019 14:44:17 GMT" time="0.009" errors="0">
  <testcase name="testLoginB" time="0.003" classname="com.uiFrameworkk.B">
    <failure type="java.lang.AssertionError" message="expected [true] but found [false]">
      <![CDATA[java.lang.AssertionError: expected [true] but found [false]
at com.uiFrameworkk.B.testLoginB(B.java:16)
... Removed 29 stack frames]]>
    </failure>
  </testcase> <!-- testLoginB -->
</testsuite> <!-- Second -->
