<?xml version="1.0" encoding="UTF-8"?>
<testng-results skipped="1" failed="0" ignored="0" total="3" passed="2">
  <reporter-output>
    <line>
      <![CDATA[<a href='C:\Users\himanshu.sugandhi\workspace\uiFrameworkk\src\main\resources\screenShots\blank_24_11_2019_04_21_45.png'><img src='C:\Users\himanshu.sugandhi\workspace\uiFrameworkk\src\main\resources\screenShots\blank_24_11_2019_04_21_45.png'heigth='100' width='100'/></a>]]>
    </line>
    <line>
      <![CDATA[<a href='C:\Users\himanshu.sugandhi\workspace\uiFrameworkk\src\main\resources\screenShots\loginTest_24_11_2019_04_21_59.png'><img src='C:\Users\himanshu.sugandhi\workspace\uiFrameworkk\src\main\resources\screenShots\loginTest_24_11_2019_04_21_59.png'heigth='100' width='100'/></a>]]>
    </line>
    <line>
      <![CDATA[<a href='C:\Users\himanshu.sugandhi\workspace\uiFrameworkk\src\main\resources\screenShots\loginTest_24_11_2019_04_22_15.png'><img src='C:\Users\himanshu.sugandhi\workspace\uiFrameworkk\src\main\resources\screenShots\loginTest_24_11_2019_04_22_15.png'heigth='100' width='100'/></a>]]>
    </line>
  </reporter-output>
  <suite name="Default suite" duration-ms="62217" started-at="2019-11-24T10:51:13Z" finished-at="2019-11-24T10:52:16Z">
    <groups>
    </groups>
    <test name="Default test" duration-ms="62217" started-at="2019-11-24T10:51:13Z" finished-at="2019-11-24T10:52:16Z">
      <class name="com.uiFrameworkk.pentland.testScripts.logintest.LoginTestWithDataDrivenApproach">
        <test-method status="PASS" signature="beforeSuite()[pri:0, instance:com.uiFrameworkk.pentland.testScripts.logintest.LoginTestWithDataDrivenApproach@7b49cea0]" name="beforeSuite" is-config="true" duration-ms="109" started-at="2019-11-24T10:51:13Z" finished-at="2019-11-24T10:51:13Z">
          <reporter-output>
          </reporter-output>
        </test-method> <!-- beforeSuite -->
        <test-method status="PASS" signature="beforeTest()[pri:0, instance:com.uiFrameworkk.pentland.testScripts.logintest.LoginTestWithDataDrivenApproach@7b49cea0]" name="beforeTest" is-config="true" duration-ms="9896" started-at="2019-11-24T10:51:13Z" finished-at="2019-11-24T10:51:23Z">
          <reporter-output>
          </reporter-output>
        </test-method> <!-- beforeTest -->
        <test-method status="PASS" signature="beforeClass()[pri:0, instance:com.uiFrameworkk.pentland.testScripts.logintest.LoginTestWithDataDrivenApproach@7b49cea0]" name="beforeClass" is-config="true" duration-ms="22286" started-at="2019-11-24T10:51:23Z" finished-at="2019-11-24T10:51:46Z">
          <reporter-output>
            <line>
              <![CDATA[<a href='C:\Users\himanshu.sugandhi\workspace\uiFrameworkk\src\main\resources\screenShots\blank_24_11_2019_04_21_45.png'><img src='C:\Users\himanshu.sugandhi\workspace\uiFrameworkk\src\main\resources\screenShots\blank_24_11_2019_04_21_45.png'heigth='100' width='100'/></a>]]>
            </line>
          </reporter-output>
        </test-method> <!-- beforeClass -->
        <test-method status="PASS" signature="beforeMethod(java.lang.reflect.Method)[pri:0, instance:com.uiFrameworkk.pentland.testScripts.logintest.LoginTestWithDataDrivenApproach@7b49cea0]" name="beforeMethod" is-config="true" duration-ms="0" started-at="2019-11-24T10:51:46Z" finished-at="2019-11-24T10:51:46Z">
          <params>
            <param index="0">
              <value>
                <![CDATA[public void com.uiFrameworkk.pentland.testScripts.logintest.LoginTestWithDataDrivenApproach.loginTest(java.lang.String,java.lang.String,java.lang.String)]]>
              </value>
            </param>
          </params>
          <reporter-output>
          </reporter-output>
        </test-method> <!-- beforeMethod -->
        <test-method status="PASS" signature="loginTest(java.lang.String, java.lang.String, java.lang.String)[pri:0, instance:com.uiFrameworkk.pentland.testScripts.logintest.LoginTestWithDataDrivenApproach@7b49cea0]" name="loginTest" duration-ms="13516" started-at="2019-11-24T10:51:46Z" data-provider="testData" finished-at="2019-11-24T10:51:59Z">
          <params>
            <param index="0">
              <value>
                <![CDATA[himanshu.sugandhi@isobar.com]]>
              </value>
            </param>
            <param index="1">
              <value>
                <![CDATA[Himanshu123]]>
              </value>
            </param>
            <param index="2">
              <value>
                <![CDATA[Y]]>
              </value>
            </param>
          </params>
          <reporter-output>
          </reporter-output>
        </test-method> <!-- loginTest -->
        <test-method status="PASS" signature="afterMethod(org.testng.ITestResult)[pri:0, instance:com.uiFrameworkk.pentland.testScripts.logintest.LoginTestWithDataDrivenApproach@7b49cea0]" name="afterMethod" is-config="true" duration-ms="691" started-at="2019-11-24T10:51:59Z" finished-at="2019-11-24T10:52:00Z">
          <params>
            <param index="0">
              <value>
                <![CDATA[[TestResult name=loginTest status=SUCCESS method=LoginTestWithDataDrivenApproach.loginTest(java.lang.String, java.lang.String, java.lang.String)[pri:0, instance:com.uiFrameworkk.pentland.testScripts.logintest.LoginTestWithDataDrivenApproach@7b49cea0] output={null}]]]>
              </value>
            </param>
          </params>
          <reporter-output>
            <line>
              <![CDATA[<a href='C:\Users\himanshu.sugandhi\workspace\uiFrameworkk\src\main\resources\screenShots\loginTest_24_11_2019_04_21_59.png'><img src='C:\Users\himanshu.sugandhi\workspace\uiFrameworkk\src\main\resources\screenShots\loginTest_24_11_2019_04_21_59.png'heigth='100' width='100'/></a>]]>
            </line>
          </reporter-output>
        </test-method> <!-- afterMethod -->
        <test-method status="PASS" signature="loginTest(java.lang.String, java.lang.String, java.lang.String)[pri:0, instance:com.uiFrameworkk.pentland.testScripts.logintest.LoginTestWithDataDrivenApproach@7b49cea0]" name="loginTest" duration-ms="14405" started-at="2019-11-24T10:52:00Z" data-provider="testData" finished-at="2019-11-24T10:52:15Z">
          <params>
            <param index="0">
              <value>
                <![CDATA[himanshu.sugandhi@isobar.com]]>
              </value>
            </param>
            <param index="1">
              <value>
                <![CDATA[Himanshu123]]>
              </value>
            </param>
            <param index="2">
              <value>
                <![CDATA[Y]]>
              </value>
            </param>
          </params>
          <reporter-output>
          </reporter-output>
        </test-method> <!-- loginTest -->
        <test-method status="PASS" signature="beforeMethod(java.lang.reflect.Method)[pri:0, instance:com.uiFrameworkk.pentland.testScripts.logintest.LoginTestWithDataDrivenApproach@7b49cea0]" name="beforeMethod" is-config="true" duration-ms="0" started-at="2019-11-24T10:52:00Z" finished-at="2019-11-24T10:52:00Z">
          <params>
            <param index="0">
              <value>
                <![CDATA[public void com.uiFrameworkk.pentland.testScripts.logintest.LoginTestWithDataDrivenApproach.loginTest(java.lang.String,java.lang.String,java.lang.String)]]>
              </value>
            </param>
          </params>
          <reporter-output>
          </reporter-output>
        </test-method> <!-- beforeMethod -->
        <test-method status="PASS" signature="afterMethod(org.testng.ITestResult)[pri:0, instance:com.uiFrameworkk.pentland.testScripts.logintest.LoginTestWithDataDrivenApproach@7b49cea0]" name="afterMethod" is-config="true" duration-ms="368" started-at="2019-11-24T10:52:15Z" finished-at="2019-11-24T10:52:15Z">
          <params>
            <param index="0">
              <value>
                <![CDATA[[TestResult name=loginTest status=SUCCESS method=LoginTestWithDataDrivenApproach.loginTest(java.lang.String, java.lang.String, java.lang.String)[pri:0, instance:com.uiFrameworkk.pentland.testScripts.logintest.LoginTestWithDataDrivenApproach@7b49cea0] output={null}]]]>
              </value>
            </param>
          </params>
          <reporter-output>
            <line>
              <![CDATA[<a href='C:\Users\himanshu.sugandhi\workspace\uiFrameworkk\src\main\resources\screenShots\loginTest_24_11_2019_04_22_15.png'><img src='C:\Users\himanshu.sugandhi\workspace\uiFrameworkk\src\main\resources\screenShots\loginTest_24_11_2019_04_22_15.png'heigth='100' width='100'/></a>]]>
            </line>
          </reporter-output>
        </test-method> <!-- afterMethod -->
        <test-method status="PASS" signature="beforeMethod(java.lang.reflect.Method)[pri:0, instance:com.uiFrameworkk.pentland.testScripts.logintest.LoginTestWithDataDrivenApproach@7b49cea0]" name="beforeMethod" is-config="true" duration-ms="0" started-at="2019-11-24T10:52:15Z" finished-at="2019-11-24T10:52:15Z">
          <params>
            <param index="0">
              <value>
                <![CDATA[public void com.uiFrameworkk.pentland.testScripts.logintest.LoginTestWithDataDrivenApproach.loginTest(java.lang.String,java.lang.String,java.lang.String)]]>
              </value>
            </param>
          </params>
          <reporter-output>
          </reporter-output>
        </test-method> <!-- beforeMethod -->
        <test-method status="SKIP" signature="loginTest(java.lang.String, java.lang.String, java.lang.String)[pri:0, instance:com.uiFrameworkk.pentland.testScripts.logintest.LoginTestWithDataDrivenApproach@7b49cea0]" name="loginTest" duration-ms="1" started-at="2019-11-24T10:52:15Z" data-provider="testData" finished-at="2019-11-24T10:52:15Z">
          <params>
            <param index="0">
              <value>
                <![CDATA[himanshu.sugandhi@isobar.com]]>
              </value>
            </param>
            <param index="1">
              <value>
                <![CDATA[Himanshu123]]>
              </value>
            </param>
            <param index="2">
              <value>
                <![CDATA[N]]>
              </value>
            </param>
          </params>
          <exception class="org.testng.SkipException">
            <message>
              <![CDATA[Run mode for this set of data is marked N]]>
            </message>
            <full-stacktrace>
              <![CDATA[org.testng.SkipException: Run mode for this set of data is marked N
at com.uiFrameworkk.pentland.testScripts.logintest.LoginTestWithDataDrivenApproach.loginTest(LoginTestWithDataDrivenApproach.java:38)
at sun.reflect.NativeMethodAccessorImpl.invoke0(Native Method)
at sun.reflect.NativeMethodAccessorImpl.invoke(NativeMethodAccessorImpl.java:62)
at sun.reflect.DelegatingMethodAccessorImpl.invoke(DelegatingMethodAccessorImpl.java:43)
at java.lang.reflect.Method.invoke(Method.java:498)
at org.testng.internal.MethodInvocationHelper.invokeMethod(MethodInvocationHelper.java:124)
at org.testng.internal.Invoker.invokeMethod(Invoker.java:580)
at org.testng.internal.Invoker.invokeTestMethod(Invoker.java:716)
at org.testng.internal.Invoker.invokeTestMethods(Invoker.java:988)
at org.testng.internal.TestMethodWorker.invokeTestMethods(TestMethodWorker.java:125)
at org.testng.internal.TestMethodWorker.run(TestMethodWorker.java:109)
at org.testng.TestRunner.privateRun(TestRunner.java:648)
at org.testng.TestRunner.run(TestRunner.java:505)
at org.testng.SuiteRunner.runTest(SuiteRunner.java:455)
at org.testng.SuiteRunner.runSequentially(SuiteRunner.java:450)
at org.testng.SuiteRunner.privateRun(SuiteRunner.java:415)
at org.testng.SuiteRunner.run(SuiteRunner.java:364)
at org.testng.SuiteRunnerWorker.runSuite(SuiteRunnerWorker.java:52)
at org.testng.SuiteRunnerWorker.run(SuiteRunnerWorker.java:84)
at org.testng.TestNG.runSuitesSequentially(TestNG.java:1208)
at org.testng.TestNG.runSuitesLocally(TestNG.java:1137)
at org.testng.TestNG.runSuites(TestNG.java:1049)
at org.testng.TestNG.run(TestNG.java:1017)
at org.testng.remote.AbstractRemoteTestNG.run(AbstractRemoteTestNG.java:114)
at org.testng.remote.RemoteTestNG.initAndRun(RemoteTestNG.java:251)
at org.testng.remote.RemoteTestNG.main(RemoteTestNG.java:77)
]]>
            </full-stacktrace>
          </exception> <!-- org.testng.SkipException -->
          <reporter-output>
          </reporter-output>
        </test-method> <!-- loginTest -->
        <test-method status="PASS" signature="afterMethod(org.testng.ITestResult)[pri:0, instance:com.uiFrameworkk.pentland.testScripts.logintest.LoginTestWithDataDrivenApproach@7b49cea0]" name="afterMethod" is-config="true" duration-ms="31" started-at="2019-11-24T10:52:15Z" finished-at="2019-11-24T10:52:15Z">
          <params>
            <param index="0">
              <value>
                <![CDATA[[TestResult name=loginTest status=SKIP method=LoginTestWithDataDrivenApproach.loginTest(java.lang.String, java.lang.String, java.lang.String)[pri:0, instance:com.uiFrameworkk.pentland.testScripts.logintest.LoginTestWithDataDrivenApproach@7b49cea0] output={null}]]]>
              </value>
            </param>
          </params>
          <reporter-output>
          </reporter-output>
        </test-method> <!-- afterMethod -->
        <test-method status="PASS" signature="afterTest()[pri:0, instance:com.uiFrameworkk.pentland.testScripts.logintest.LoginTestWithDataDrivenApproach@7b49cea0]" name="afterTest" is-config="true" duration-ms="649" started-at="2019-11-24T10:52:15Z" finished-at="2019-11-24T10:52:16Z">
          <reporter-output>
          </reporter-output>
        </test-method> <!-- afterTest -->
      </class> <!-- com.uiFrameworkk.pentland.testScripts.logintest.LoginTestWithDataDrivenApproach -->
    </test> <!-- Default test -->
  </suite> <!-- Default suite -->
</testng-results>
